<?xml version="1.0" encoding="UTF-8"?>
<coverage generated="1675027385018" clover="3.2.0">
  <project timestamp="1675027385018" name="All files">
    <metrics statements="9" coveredstatements="5" conditionals="0" coveredconditionals="0" methods="5" coveredmethods="1" elements="14" coveredelements="6" complexity="0" loc="9" ncloc="9" packages="1" files="2" classes="2"/>
    <file name="fetchingData.js" path="/Users/s2201202/bc_learn/testing/4th_lesson/js/fetchingData.js">
      <metrics statements="6" coveredstatements="2" conditionals="0" coveredconditionals="0" methods="3" coveredmethods="0"/>
      <line num="1" count="1" type="stmt"/>
      <line num="2" count="0" type="stmt"/>
      <line num="3" count="0" type="stmt"/>
      <line num="4" count="0" type="stmt"/>
      <line num="5" count="0" type="stmt"/>
      <line num="12" count="1" type="stmt"/>
    </file>
    <file name="sum.js" path="/Users/s2201202/bc_learn/testing/4th_lesson/js/sum.js">
      <metrics statements="3" coveredstatements="3" conditionals="0" coveredconditionals="0" methods="2" coveredmethods="1"/>
      <line num="1" count="1" type="stmt"/>
      <line num="4" count="1" type="stmt"/>
      <line num="8" count="1" type="stmt"/>
    </file>
  </project>
</coverage>
